0 info it worked if it ends with ok
1 verbose cli [ 'node', '/usr/bin/npm', 'i', '.', '-g' ]
2 info using npm@2.11.0
3 info using node@v0.10.36
4 verbose install initial load of /usr/lib/package.json
5 verbose readDependencies loading dependencies from /usr/lib/package.json
6 silly cache add args [ '.', null ]
7 verbose cache add spec .
8 silly cache add parsed spec { raw: '.',
8 silly cache add   scope: null,
8 silly cache add   name: null,
8 silly cache add   rawSpec: '.',
8 silly cache add   spec: '/home/tj/cloud-buildcli',
8 silly cache add   type: 'directory' }
9 verbose addLocalDirectory /home/tj/.npm/cloud-buildcli/1.0.0/package.tgz not in flight; packing
10 verbose tar pack [ '/home/tj/.npm/cloud-buildcli/1.0.0/package.tgz',
10 verbose tar pack   '/home/tj/cloud-buildcli' ]
11 verbose tarball /home/tj/.npm/cloud-buildcli/1.0.0/package.tgz
12 verbose folder /home/tj/cloud-buildcli
13 info prepublish cloud-buildcli@1.0.0
14 verbose addLocalTarball adding from inside cache /home/tj/.npm/cloud-buildcli/1.0.0/package.tgz
15 silly cache afterAdd cloud-buildcli@1.0.0
16 verbose afterAdd /home/tj/.npm/cloud-buildcli/1.0.0/package/package.json not in flight; writing
17 verbose afterAdd /home/tj/.npm/cloud-buildcli/1.0.0/package/package.json written
18 silly install resolved [ { name: 'cloud-buildcli',
18 silly install resolved     version: '1.0.0',
18 silly install resolved     description: 'CLI for cloud build server',
18 silly install resolved     main: 'app.js',
18 silly install resolved     scripts: { test: 'echo "Error: no test specified" && exit 1' },
18 silly install resolved     author: { name: 'TJ Horner', email: 'me@tjhorner.com' },
18 silly install resolved     license: 'ISC',
18 silly install resolved     dependencies: { colors: '^1.1.2', 'socket.io-client': '^1.3.5' },
18 silly install resolved     preferGlobal: 'true',
18 silly install resolved     bin: { 'build-cloud': 'app.js' },
18 silly install resolved     gitHead: 'bd419672a30ebeaf545afe5a432925fd2353ce23',
18 silly install resolved     readme: 'ERROR: No README data found!',
18 silly install resolved     _id: 'cloud-buildcli@1.0.0',
18 silly install resolved     _shasum: '9c7f679fd1ff05a35f9762e3c4b58cb3d1ea2cd8',
18 silly install resolved     _from: '../home/tj/cloud-buildcli',
18 silly install resolved     _resolved: 'file:../home/tj/cloud-buildcli' } ]
19 info install cloud-buildcli@1.0.0 into /usr/lib
20 info installOne cloud-buildcli@1.0.0
21 verbose installOne of cloud-buildcli to /usr/lib not in flight; installing
22 verbose lock using /home/tj/.npm/_locks/cloud-buildcli-538fe104a9da24d8.lock for /usr/lib/node_modules/cloud-buildcli
23 silly install write writing cloud-buildcli 1.0.0 to /usr/lib/node_modules/cloud-buildcli
24 verbose unbuild lib/node_modules/cloud-buildcli
25 info preuninstall cloud-buildcli@1.0.0
26 info uninstall cloud-buildcli@1.0.0
27 verbose unbuild rmStuff cloud-buildcli@1.0.0 from /usr/lib/node_modules
28 silly gentlyRm /usr/bin/build-cloud is being gently removed
29 silly gentlyRm verifying /usr is an npm working directory
30 silly gentlyRm containing path /usr is under npm's control, in /usr
31 silly gentlyRm deletion target /usr/bin/build-cloud is under /usr
32 verbose gentlyRm vacuuming from /usr/bin/build-cloud up to /usr
33 info postuninstall cloud-buildcli@1.0.0
34 silly gentlyRm /usr/lib/node_modules/cloud-buildcli is being purged from base /usr
35 verbose gentlyRm don't care about contents; nuking /usr/lib/node_modules/cloud-buildcli
36 silly vacuum-fs purging /usr/lib/node_modules/cloud-buildcli
37 verbose unlock done using /home/tj/.npm/_locks/cloud-buildcli-538fe104a9da24d8.lock for /usr/lib/node_modules/cloud-buildcli
38 verbose stack Error: EACCES, rmdir '/usr/lib/node_modules/cloud-buildcli'
39 verbose cwd /home/tj/cloud-buildcli
40 error Linux 4.0.4-202.fc21.x86_64
41 error argv "node" "/usr/bin/npm" "i" "." "-g"
42 error node v0.10.36
43 error npm  v2.11.0
44 error path /usr/lib/node_modules/cloud-buildcli
45 error code EACCES
46 error errno 3
47 error Error: EACCES, rmdir '/usr/lib/node_modules/cloud-buildcli'
47 error  { [Error: EACCES, rmdir '/usr/lib/node_modules/cloud-buildcli']
47 error   errno: 3,
47 error   code: 'EACCES',
47 error   path: '/usr/lib/node_modules/cloud-buildcli' }
48 error Please try running this command again as root/Administrator.
49 verbose exit [ 3, true ]
50 verbose unbuild lib/node_modules/cloud-buildcli
51 info preuninstall cloud-buildcli@1.0.0
52 info uninstall cloud-buildcli@1.0.0
53 verbose unbuild rmStuff cloud-buildcli@1.0.0 from /usr/lib/node_modules
54 silly gentlyRm /usr/bin/build-cloud is being gently removed
55 silly gentlyRm verifying /usr is an npm working directory
56 silly gentlyRm containing path /usr is under npm's control, in /usr
57 silly gentlyRm deletion target /usr/bin/build-cloud is under /usr
58 verbose gentlyRm vacuuming from /usr/bin/build-cloud up to /usr
59 info postuninstall cloud-buildcli@1.0.0
60 silly gentlyRm /usr/lib/node_modules/cloud-buildcli is being purged from base /usr
61 verbose gentlyRm don't care about contents; nuking /usr/lib/node_modules/cloud-buildcli
62 silly vacuum-fs purging /usr/lib/node_modules/cloud-buildcli
63 error error rolling back Error: EACCES, rmdir '/usr/lib/node_modules/cloud-buildcli'
63 error error rolling back  { [Error: EACCES, rmdir '/usr/lib/node_modules/cloud-buildcli']
63 error error rolling back   errno: 3,
63 error error rolling back   code: 'EACCES',
63 error error rolling back   path: '/usr/lib/node_modules/cloud-buildcli' }
